2019-12-05 16:47:40 1777 [main] INFO  c.l.aimlbot.AimlbotApplicationTests - Starting AimlbotApplicationTests on DESKTOP-IA1E8PD with PID 15348 (started by djm in E:\github.2019\springboot-aimlbot) 
2019-12-05 16:47:40 1778 [main] DEBUG c.l.aimlbot.AimlbotApplicationTests - Running with Spring Boot v2.1.1.RELEASE, Spring v5.1.3.RELEASE 
2019-12-05 16:47:40 1781 [main] INFO  c.l.aimlbot.AimlbotApplicationTests - No active profile set, falling back to default profiles: default 
2019-12-05 16:47:47 8331 [main] INFO  c.l.aimlbot.AimlbotApplicationTests - Started AimlbotApplicationTests in 7.443 seconds (JVM running for 8.972) 
2019-12-05 16:56:22 1842 [main] INFO  c.l.aimlbot.AimlbotApplicationTests - Starting AimlbotApplicationTests on DESKTOP-IA1E8PD with PID 12480 (started by djm in E:\github.2019\springboot-aimlbot) 
2019-12-05 16:56:22 1844 [main] DEBUG c.l.aimlbot.AimlbotApplicationTests - Running with Spring Boot v2.1.1.RELEASE, Spring v5.1.3.RELEASE 
2019-12-05 16:56:22 1849 [main] INFO  c.l.aimlbot.AimlbotApplicationTests - No active profile set, falling back to default profiles: default 
2019-12-05 16:56:30 8949 [main] INFO  c.l.aimlbot.AimlbotApplicationTests - Started AimlbotApplicationTests in 8.084 seconds (JVM running for 9.438) 
2019-12-05 17:02:10 1703 [main] INFO  c.l.aimlbot.AimlbotApplicationTests - Starting AimlbotApplicationTests on DESKTOP-IA1E8PD with PID 9972 (started by djm in E:\github.2019\springboot-aimlbot) 
2019-12-05 17:02:10 1705 [main] DEBUG c.l.aimlbot.AimlbotApplicationTests - Running with Spring Boot v2.1.1.RELEASE, Spring v5.1.3.RELEASE 
2019-12-05 17:02:10 1709 [main] INFO  c.l.aimlbot.AimlbotApplicationTests - No active profile set, falling back to default profiles: default 
2019-12-05 17:02:15 7215 [main] INFO  c.l.aimlbot.AimlbotApplicationTests - Started AimlbotApplicationTests in 6.406 seconds (JVM running for 7.713) 
2019-12-05 17:02:25 932  [restartedMain] INFO  c.liuniu.aimlbot.AimlbotApplication - Starting AimlbotApplication on DESKTOP-IA1E8PD with PID 10724 (E:\github.2019\springboot-aimlbot\target\classes started by djm in E:\github.2019\springboot-aimlbot) 
2019-12-05 17:02:25 940  [restartedMain] DEBUG c.liuniu.aimlbot.AimlbotApplication - Running with Spring Boot v2.1.1.RELEASE, Spring v5.1.3.RELEASE 
2019-12-05 17:02:25 943  [restartedMain] INFO  c.liuniu.aimlbot.AimlbotApplication - No active profile set, falling back to default profiles: default 
2019-12-05 17:02:31 7207 [restartedMain] INFO  c.liuniu.aimlbot.AimlbotApplication - Started AimlbotApplication in 6.882 seconds (JVM running for 7.731) 
2019-12-05 17:05:38 1500 [main] INFO  c.l.aimlbot.AimlbotApplicationTests - Starting AimlbotApplicationTests on DESKTOP-IA1E8PD with PID 3928 (started by djm in E:\github.2019\springboot-aimlbot) 
2019-12-05 17:05:38 1501 [main] DEBUG c.l.aimlbot.AimlbotApplicationTests - Running with Spring Boot v2.1.1.RELEASE, Spring v5.1.3.RELEASE 
2019-12-05 17:05:38 1562 [main] INFO  c.l.aimlbot.AimlbotApplicationTests - No active profile set, falling back to default profiles: default 
2019-12-05 17:05:43 6817 [main] INFO  c.l.aimlbot.AimlbotApplicationTests - Started AimlbotApplicationTests in 6.024 seconds (JVM running for 7.492) 
2019-12-05 17:05:52 966  [main] INFO  c.liuniu.aimlbot.AimlbotApplication - Starting AimlbotApplication on DESKTOP-IA1E8PD with PID 7000 (E:\github.2019\springboot-aimlbot\target\classes started by djm in E:\github.2019\springboot-aimlbot) 
2019-12-05 17:05:52 976  [main] DEBUG c.liuniu.aimlbot.AimlbotApplication - Running with Spring Boot v2.1.1.RELEASE, Spring v5.1.3.RELEASE 
2019-12-05 17:05:52 985  [main] INFO  c.liuniu.aimlbot.AimlbotApplication - No active profile set, falling back to default profiles: default 
2019-12-05 17:05:59 7616 [main] INFO  c.liuniu.aimlbot.AimlbotApplication - Started AimlbotApplication in 7.495 seconds (JVM running for 12.348) 
2019-12-05 17:06:32 887  [main] INFO  c.liuniu.aimlbot.AimlbotApplication - Starting AimlbotApplication on DESKTOP-IA1E8PD with PID 5596 (E:\github.2019\springboot-aimlbot\target\classes started by djm in E:\github.2019\springboot-aimlbot) 
2019-12-05 17:06:32 891  [main] DEBUG c.liuniu.aimlbot.AimlbotApplication - Running with Spring Boot v2.1.1.RELEASE, Spring v5.1.3.RELEASE 
2019-12-05 17:06:32 894  [main] INFO  c.liuniu.aimlbot.AimlbotApplication - No active profile set, falling back to default profiles: default 
2019-12-05 17:06:36 4711 [main] INFO  c.liuniu.aimlbot.AimlbotApplication - Started AimlbotApplication in 4.54 seconds (JVM running for 6.454) 
2019-12-05 17:07:29 878  [main] INFO  c.liuniu.aimlbot.AimlbotApplication - Starting AimlbotApplication on DESKTOP-IA1E8PD with PID 11888 (E:\github.2019\springboot-aimlbot\target\classes started by djm in E:\github.2019\springboot-aimlbot) 
2019-12-05 17:07:29 882  [main] DEBUG c.liuniu.aimlbot.AimlbotApplication - Running with Spring Boot v2.1.1.RELEASE, Spring v5.1.3.RELEASE 
2019-12-05 17:07:29 885  [main] INFO  c.liuniu.aimlbot.AimlbotApplication - No active profile set, falling back to default profiles: default 
2019-12-05 17:07:34 5575 [main] INFO  c.liuniu.aimlbot.AimlbotApplication - Started AimlbotApplication in 5.413 seconds (JVM running for 7.31) 
